2022-07-24T15:19:24.722Z - info: [ui] [AppStore] loading 0 repositories from store
2022-07-24T15:19:24.774Z - info: [ui] launching: 3.0.3-linux1 (Linux 5.15.55-1-lts)
2022-07-24T15:19:24.776Z - info: [ui] execPath: '/opt/github-desktop/github-desktop'
2022-07-24T15:19:24.776Z - info: [ui] [Welcome] no sign in step found. ignoring...
2022-07-24T15:19:24.811Z - info: [ui] [Welcome] no sign in step found. ignoring...
2022-07-24T15:19:24.894Z - info: [ui] [Welcome] no sign in step found. ignoring...
2022-07-24T15:19:25.466Z - info: [ui] Opt in reported.
2022-07-24T15:19:28.935Z - info: [ui] [Welcome] advancing to step: SignInToDotComWithBrowser
2022-07-24T15:19:28.936Z - info: [ui] [SignInStore] initializing OAuth flow
2022-07-24T15:19:28.940Z - info: [main] opening in browser: https://github.com/login/oauth/authorize?client_id=3a723b10ac5575cc5bb9&scope=repo%20user%20workflow&state=c92c71f7-020d-4519-9ef3-bf1ec10f7b90
2022-07-24T15:19:28.941Z - info: [ui] [Welcome] current sign in state not found. ignoring...
2022-07-24T15:20:07.689Z - info: [ui] [AppStore] loading 0 repositories from store
2022-07-24T15:20:07.830Z - info: [ui] [Welcome] no sign in step found. ignoring...
2022-07-24T15:20:07.863Z - info: [ui] launching: 3.0.3-linux1 (Linux 5.15.55-1-lts)
2022-07-24T15:20:07.865Z - info: [ui] execPath: '/opt/github-desktop/github-desktop'
2022-07-24T15:20:07.916Z - info: [ui] [Welcome] no sign in step found. ignoring...
2022-07-24T15:20:08.847Z - info: [ui] [Welcome] advancing to step: SignInToDotComWithBrowser
2022-07-24T15:20:08.848Z - info: [ui] [SignInStore] initializing OAuth flow
2022-07-24T15:20:08.851Z - info: [main] opening in browser: https://github.com/login/oauth/authorize?client_id=3a723b10ac5575cc5bb9&scope=repo%20user%20workflow&state=3f1d14b1-74e5-4251-b3c3-cb3157d1ca53
2022-07-24T15:20:08.852Z - info: [ui] [Welcome] current sign in state not found. ignoring...
2022-07-24T15:20:11.073Z - info: [ui] [Welcome] kind Authentication is the same as Authentication. ignoring...
2022-07-24T15:20:11.801Z - info: [ui] [Welcome] kind Authentication is the same as Authentication. ignoring...
2022-07-24T15:20:57.435Z - info: [ui] [Welcome] advancing to step: Start
2022-07-24T15:20:57.599Z - info: [ui] [Welcome] advancing to step: SignInToEnterprise
2022-07-24T15:20:57.784Z - info: [ui] [Welcome] kind EndpointEntry is the same as EndpointEntry. ignoring...
2022-07-24T15:20:58.385Z - error: [ui] fetchMetadata: unable to load metadata from 'https://q2+/api/v3/meta' as a fallback
TypeError: Failed to fetch
    at Tt (/home/harsh/webpack:/[name]/app/src/lib/http.ts:152:10)
    at /home/harsh/webpack:/[name]/app/src/lib/api.ts:1682:28
    at Vn.endpointSupportsBasicAuth (/home/harsh/webpack:/[name]/app/src/lib/stores/sign-in-store.ts:256:7)
    at Vn.setEndpoint (/home/harsh/webpack:/[name]/app/src/lib/stores/sign-in-store.ts:549:44)
    at Vn._setSignInEndpoint (/home/harsh/webpack:/[name]/app/src/lib/stores/app-store.ts:5247:29)
    at Object.setSignInEndpoint (/home/harsh/webpack:/[name]/app/src/ui/dispatcher/dispatcher.ts:1440:26)
    at Object.onEndpointEntered [as onSubmit] (/home/harsh/webpack:/[name]/app/src/ui/lib/sign-in.tsx:27:27)
    at Object.onSubmit (/home/harsh/webpack:/[name]/app/src/ui/lib/enterprise-server-entry.tsx:81:16)
    at onSubmit (/home/harsh/webpack:/[name]/app/src/ui/lib/form.tsx:27:18)
    at Object.l (/home/harsh/webpack:/[name]/app/node_modules/react-dom/cjs/react-dom.production.min.js:14:428)
2022-07-24T15:20:58.386Z - info: [ui] [Welcome] kind EndpointEntry is the same as EndpointEntry. ignoring...
2022-07-24T15:21:01.893Z - info: [ui] [Welcome] advancing to step: Start
2022-07-24T15:21:04.527Z - info: [ui] [Welcome] advancing to step: SignInToDotComWithBrowser
2022-07-24T15:21:04.527Z - info: [ui] [SignInStore] initializing OAuth flow
2022-07-24T15:21:04.530Z - info: [main] opening in browser: https://github.com/login/oauth/authorize?client_id=3a723b10ac5575cc5bb9&scope=repo%20user%20workflow&state=9695cfd0-b29d-4a06-b197-e20e1eecafc7
2022-07-24T15:21:07.407Z - info: [ui] [Welcome] advancing to step: Start
2022-07-24T15:21:14.167Z - info: [ui] [Welcome] no sign in step found. ignoring...
2022-07-24T15:21:14.335Z - info: [ui] [Welcome] no sign in step found. ignoring...
2022-07-24T15:21:14.687Z - info: [ui] [Welcome] no sign in step found. ignoring...
2022-07-24T15:21:15.511Z - info: [ui] [Welcome] no sign in step found. ignoring...
2022-07-24T15:21:15.703Z - info: [ui] [Welcome] no sign in step found. ignoring...
2022-07-24T15:21:39.710Z - info: [ui] [AppStore] loading 0 repositories from store
2022-07-24T15:21:39.811Z - info: [ui] [Welcome] no sign in step found. ignoring...
2022-07-24T15:21:39.837Z - info: [ui] [Welcome] no sign in step found. ignoring...
2022-07-24T15:21:39.868Z - info: [ui] launching: 3.0.3-linux1 (Linux 5.15.55-1-lts)
2022-07-24T15:21:39.871Z - info: [ui] execPath: '/opt/github-desktop/github-desktop'
2022-07-24T15:21:39.932Z - info: [ui] [Welcome] no sign in step found. ignoring...
2022-07-24T15:21:42.039Z - info: [ui] [Welcome] advancing to step: SignInToDotComWithBrowser
2022-07-24T15:21:42.040Z - info: [ui] [SignInStore] initializing OAuth flow
2022-07-24T15:21:42.043Z - info: [main] opening in browser: https://github.com/login/oauth/authorize?client_id=3a723b10ac5575cc5bb9&scope=repo%20user%20workflow&state=15d16760-f7f2-4eb4-8b7f-9371ba5b7f53
2022-07-24T15:21:42.045Z - info: [ui] [Welcome] current sign in state not found. ignoring...
2022-07-24T15:22:47.109Z - info: [ui] [AppStore] loading 0 repositories from store
2022-07-24T15:22:47.221Z - info: [ui] launching: 3.0.3-linux1 (Linux 5.15.55-1-lts)
2022-07-24T15:22:47.223Z - info: [ui] execPath: '/opt/github-desktop/github-desktop'
2022-07-24T15:22:47.244Z - info: [ui] [Welcome] no sign in step found. ignoring...
2022-07-24T15:22:47.289Z - info: [ui] [Welcome] no sign in step found. ignoring...
2022-07-24T15:22:48.807Z - info: [ui] [Welcome] advancing to step: SignInToDotComWithBrowser
2022-07-24T15:22:48.808Z - info: [ui] [SignInStore] initializing OAuth flow
2022-07-24T15:22:48.811Z - info: [main] opening in browser: https://github.com/login/oauth/authorize?client_id=3a723b10ac5575cc5bb9&scope=repo%20user%20workflow&state=420bbd1a-eac3-4fa9-9caf-abf4f8c32486
2022-07-24T15:22:48.812Z - info: [ui] [Welcome] current sign in state not found. ignoring...
2022-07-24T15:22:53.384Z - info: [ui] [Welcome] advancing to step: Start
2022-07-24T15:23:49.089Z - info: [ui] [AppStore] loading 0 repositories from store
2022-07-24T15:23:49.204Z - info: [ui] [Welcome] no sign in step found. ignoring...
2022-07-24T15:23:49.226Z - info: [ui] launching: 3.0.3-linux1 (Linux 5.15.55-1-lts)
2022-07-24T15:23:49.227Z - info: [ui] execPath: '/opt/github-desktop/github-desktop'
2022-07-24T15:23:49.259Z - info: [ui] [Welcome] no sign in step found. ignoring...
2022-07-24T15:23:49.285Z - info: [ui] [Welcome] no sign in step found. ignoring...
2022-07-24T15:23:50.984Z - info: [ui] [Welcome] advancing to step: SignInToDotComWithBrowser
2022-07-24T15:23:50.985Z - info: [ui] [SignInStore] initializing OAuth flow
2022-07-24T15:23:50.989Z - info: [main] opening in browser: https://github.com/login/oauth/authorize?client_id=3a723b10ac5575cc5bb9&scope=repo%20user%20workflow&state=5deacbb4-5b3c-4f4b-8ba8-56e361ca80c5
2022-07-24T15:23:50.993Z - info: [ui] [Welcome] current sign in state not found. ignoring...
2022-07-24T15:24:11.543Z - info: [ui] [Welcome] kind Authentication is the same as Authentication. ignoring...
2022-07-24T15:27:51.490Z - info: [ui] [AppStore] loading 0 repositories from store
2022-07-24T15:27:51.546Z - info: [ui] launching: 3.0.3-linux1 (Linux 5.15.55-1-lts)
2022-07-24T15:27:51.547Z - info: [ui] execPath: '/opt/github-desktop/github-desktop'
2022-07-24T15:27:51.597Z - info: [ui] [Welcome] no sign in step found. ignoring...
2022-07-24T15:27:51.678Z - info: [ui] [Welcome] no sign in step found. ignoring...
2022-07-24T15:27:53.855Z - info: [ui] [Welcome] advancing to step: SignInToDotComWithBrowser
2022-07-24T15:27:53.856Z - info: [ui] [SignInStore] initializing OAuth flow
2022-07-24T15:27:53.860Z - info: [main] opening in browser: https://github.com/login/oauth/authorize?client_id=3a723b10ac5575cc5bb9&scope=repo%20user%20workflow&state=129a9d20-5289-404a-b6a6-fd6847e263ab
2022-07-24T15:27:53.861Z - info: [ui] [Welcome] current sign in state not found. ignoring...
